<?xml version="1.0" encoding="UTF-8"?>
<!-- Generated by org.testng.reporters.JUnitReportReporter -->
<testsuite skipped="0" hostname="DESKTOP-REVKL7J" name="udemyPractice.HackerRank" tests="1" failures="0" timestamp="2019-12-29T15:07:03 IST" time="0.015" errors="0">
  <testcase name="test" time="0.015" classname="udemyPractice.HackerRank"/>
</testsuite> <!-- udemyPractice.HackerRank -->
