<?xml version="1.0" encoding="UTF-8"?>
<!-- Generated by org.testng.reporters.JUnitReportReporter -->
<testsuite skipped="0" hostname="DESKTOP-REVKL7J" name="udemyPractice.Practice12_Calendar" tests="1" failures="0" timestamp="2019-11-03T00:36:58 IST" time="22.618" errors="0">
  <testcase name="selectCalendar" time="22.618" classname="udemyPractice.Practice12_Calendar"/>
</testsuite> <!-- udemyPractice.Practice12_Calendar -->
