<?xml version="1.0" encoding="UTF-8"?>
<!-- Generated by org.testng.reporters.JUnitReportReporter -->
<testsuite skipped="0" hostname="DESKTOP-REVKL7J" name="udemyPractice.Practice18_LoginToQAAcacdemy" tests="4" failures="0" timestamp="2019-11-23T14:28:25 IST" time="130.615" errors="0">
  <testcase name="MultipeloginCheck" time="29.574" classname="udemyPractice.Practice18_LoginToQAAcacdemy"/>
  <testcase name="login" time="30.747" classname="udemyPractice.Practice18_LoginToQAAcacdemy"/>
  <testcase name="MultipeloginCheck" time="29.665" classname="udemyPractice.Practice18_LoginToQAAcacdemy"/>
  <testcase name="MultipeloginCheck" time="40.629" classname="udemyPractice.Practice18_LoginToQAAcacdemy"/>
</testsuite> <!-- udemyPractice.Practice18_LoginToQAAcacdemy -->
