<?xml version="1.0" encoding="UTF-8"?>
<!-- Generated by org.testng.reporters.JUnitReportReporter -->
<testsuite skipped="0" hostname="DESKTOP-REVKL7J" name="udemyPractice.Practice17_MySQLDBConnaction" tests="1" failures="0" timestamp="2019-11-18T23:01:31 IST" time="0.800" errors="0">
  <testcase name="connectToDB" time="0.800" classname="udemyPractice.Practice17_MySQLDBConnaction"/>
</testsuite> <!-- udemyPractice.Practice17_MySQLDBConnaction -->
