<?xml version="1.0" encoding="UTF-8"?>
<!-- Generated by org.testng.reporters.JUnitReportReporter -->
<testsuite skipped="0" hostname="DESKTOP-REVKL7J" name="collections.Practice2_HashSet" tests="2" failures="0" timestamp="2019-11-10T22:29:28 IST" time="0.011" errors="0">
  <testcase name="iterator" time="0.001" classname="collections.Practice2_HashSet"/>
  <testcase name="hashSetBasicOperations" time="0.010" classname="collections.Practice2_HashSet"/>
</testsuite> <!-- collections.Practice2_HashSet -->
