<?xml version="1.0" encoding="UTF-8"?>
<!-- Generated by org.testng.reporters.JUnitReportReporter -->
<testsuite skipped="0" hostname="DESKTOP-REVKL7J" name="udemyPractice.Practice9_Actions" tests="1" failures="0" timestamp="2019-11-01T16:25:10 IST" time="14.813" errors="0">
  <testcase name="actions" time="14.813" classname="udemyPractice.Practice9_Actions"/>
</testsuite> <!-- udemyPractice.Practice9_Actions -->
