<?xml version="1.0" encoding="UTF-8"?>
<!-- Generated by org.testng.reporters.JUnitReportReporter -->
<testsuite skipped="0" hostname="DESKTOP-REVKL7J" name="collections.Practice4_Test2" tests="1" failures="0" timestamp="2019-11-11T12:29:17 IST" time="0.012" errors="0">
  <testcase name="Test02_addValues" time="0.012" classname="collections.Practice4_Test2"/>
</testsuite> <!-- collections.Practice4_Test2 -->
