<?xml version="1.0" encoding="UTF-8"?>
<!-- Generated by org.testng.reporters.JUnitReportReporter -->
<testsuite skipped="0" hostname="DESKTOP-REVKL7J" name="udemyPractice.Practice5_Checkbox" tests="3" failures="0" timestamp="2019-11-19T11:19:49 IST" time="87.220" errors="0">
  <testcase name="Test01_checkBoxVerify" time="49.337" classname="udemyPractice.Practice5_Checkbox"/>
  <testcase name="Test02_verifyNumberofCheckBox" time="20.565" classname="udemyPractice.Practice5_Checkbox"/>
  <testcase name="Test03_verifyEnabledOrDisabled" time="17.318" classname="udemyPractice.Practice5_Checkbox"/>
</testsuite> <!-- udemyPractice.Practice5_Checkbox -->
