<?xml version="1.0" encoding="UTF-8"?>
<!-- Generated by org.testng.reporters.JUnitReportReporter -->
<testsuite skipped="0" hostname="DESKTOP-REVKL7J" name="udemyPractice.Practice8_ItemToCart" tests="1" failures="0" timestamp="2019-11-01T12:01:59 IST" time="20.023" errors="0">
  <testcase name="addElementToCart" time="20.023" classname="udemyPractice.Practice8_ItemToCart"/>
</testsuite> <!-- udemyPractice.Practice8_ItemToCart -->
