<?xml version="1.0" encoding="UTF-8"?>
<!-- Generated by org.testng.reporters.JUnitReportReporter -->
<testsuite skipped="0" hostname="DESKTOP-REVKL7J" name="udemyPractice.Practice4_SpiceJetDropDownSelection" tests="1" failures="0" timestamp="2019-10-27T14:44:34 IST" time="19.739" errors="0">
  <testcase name="dynamicDropDown" time="19.739" classname="udemyPractice.Practice4_SpiceJetDropDownSelection"/>
</testsuite> <!-- udemyPractice.Practice4_SpiceJetDropDownSelection -->
