<?xml version="1.0" encoding="UTF-8"?>
<!-- Generated by org.testng.reporters.JUnitReportReporter -->
<testsuite skipped="0" hostname="DESKTOP-REVKL7J" name="udemyPractice.Practice4_DropDownSelection" tests="3" failures="0" timestamp="2019-11-16T14:31:46 IST" time="23.713" errors="0">
  <testcase name="Test03_autoSuggestiveDropDown" time="8.551" classname="udemyPractice.Practice4_DropDownSelection"/>
  <testcase name="Test01_staticDropDown" time="9.054" classname="udemyPractice.Practice4_DropDownSelection"/>
  <testcase name="Test02_dynamicDropDown" time="6.108" classname="udemyPractice.Practice4_DropDownSelection"/>
</testsuite> <!-- udemyPractice.Practice4_DropDownSelection -->
