<?xml version="1.0" encoding="UTF-8"?>
<!-- Generated by org.testng.reporters.JUnitReportReporter -->
<testsuite skipped="0" hostname="DESKTOP-REVKL7J" name="OAuth2.oauth2" tests="1" failures="0" timestamp="2019-12-26T23:05:08 IST" time="19.048" errors="0">
  <testcase name="Test01_getCode" time="19.048" classname="OAuth2.oauth2"/>
</testsuite> <!-- OAuth2.oauth2 -->
