<?xml version="1.0" encoding="UTF-8"?>
<!-- Generated by org.testng.reporters.JUnitReportReporter -->
<testsuite skipped="0" hostname="DESKTOP-REVKL7J" name="udemyPractice.AssignmentExplicitWait" tests="1" failures="0" timestamp="2019-11-01T12:25:47 IST" time="15.996" errors="0">
  <testcase name="explicitWaitAssignment" time="15.996" classname="udemyPractice.AssignmentExplicitWait"/>
</testsuite> <!-- udemyPractice.AssignmentExplicitWait -->
