<?xml version="1.0" encoding="UTF-8"?>
<!-- Generated by org.testng.reporters.JUnitReportReporter -->
<testsuite skipped="0" hostname="DESKTOP-REVKL7J" name="udemyPractice.Practice10_Scope" tests="1" failures="0" timestamp="2019-11-02T17:17:38 IST" time="35.329" errors="0">
  <testcase name="getLinksCount" time="35.329" classname="udemyPractice.Practice10_Scope"/>
</testsuite> <!-- udemyPractice.Practice10_Scope -->
