<?xml version="1.0" encoding="UTF-8"?>
<!-- Generated by org.testng.reporters.JUnitReportReporter -->
<testsuite skipped="0" hostname="DESKTOP-REVKL7J" name="collections.Practice1_ArrayList" tests="1" failures="0" timestamp="2019-11-10T22:09:25 IST" time="0.018" errors="0">
  <testcase name="arrayList" time="0.018" classname="collections.Practice1_ArrayList"/>
</testsuite> <!-- collections.Practice1_ArrayList -->
