<?xml version="1.0" encoding="UTF-8"?>
<!-- Generated by org.testng.reporters.JUnitReportReporter -->
<testsuite skipped="0" hostname="DESKTOP-REVKL7J" name="udemyPractice.Practice16_SortingColumns" tests="1" failures="0" timestamp="2019-11-23T14:58:41 IST" time="12.498" errors="0">
  <testcase name="checkSortingOnColumns" time="12.498" classname="udemyPractice.Practice16_SortingColumns"/>
</testsuite> <!-- udemyPractice.Practice16_SortingColumns -->
