<?xml version="1.0" encoding="UTF-8"?>
<!-- Generated by org.testng.reporters.JUnitReportReporter -->
<testsuite skipped="0" hostname="DESKTOP-REVKL7J" name="udemyPractice.Practice7_Alerts" tests="1" failures="0" timestamp="2019-10-30T10:29:03 IST" time="24.930" errors="0">
  <testcase name="alerts" time="24.930" classname="udemyPractice.Practice7_Alerts"/>
</testsuite> <!-- udemyPractice.Practice7_Alerts -->
