<?xml version="1.0" encoding="UTF-8"?>
<!-- Generated by org.testng.reporters.JUnitReportReporter -->
<testsuite skipped="0" hostname="DESKTOP-REVKL7J" name="udemyPractice.AssignmentFrames" tests="1" failures="0" timestamp="2019-11-02T00:12:33 IST" time="14.679" errors="0">
  <testcase name="printFrames" time="14.679" classname="udemyPractice.AssignmentFrames"/>
</testsuite> <!-- udemyPractice.AssignmentFrames -->
