<?xml version="1.0" encoding="UTF-8"?>
<!-- Generated by org.testng.reporters.JUnitReportReporter -->
<testsuite skipped="0" hostname="DESKTOP-REVKL7J" name="udemyPractice.Practice1" tests="1" failures="0" timestamp="2019-10-21T20:26:22 IST" time="8.566" errors="0">
  <testcase name="launchChromeDriver" time="8.566" classname="udemyPractice.Practice1"/>
</testsuite> <!-- udemyPractice.Practice1 -->
