<?xml version="1.0" encoding="UTF-8"?>
<!-- Generated by org.testng.reporters.JUnitReportReporter -->
<testsuite skipped="0" hostname="DESKTOP-REVKL7J" name="udemyPractice.AssignedAutoSuggestive" tests="1" failures="0" timestamp="2019-11-08T08:30:02 IST" time="27.435" errors="0">
  <testcase name="autoSuggestive" time="27.435" classname="udemyPractice.AssignedAutoSuggestive"/>
</testsuite> <!-- udemyPractice.AssignedAutoSuggestive -->
