<?xml version="1.0" encoding="UTF-8"?>
<!-- Generated by org.testng.reporters.JUnitReportReporter -->
<testsuite skipped="0" hostname="DESKTOP-REVKL7J" name="udemyPractice.Practice2_LaunchFirefoxBrowser" tests="1" failures="0" timestamp="2019-10-21T20:38:24 IST" time="13.913" errors="0">
  <testcase name="launchChromeDriver" time="13.913" classname="udemyPractice.Practice2_LaunchFirefoxBrowser"/>
</testsuite> <!-- udemyPractice.Practice2_LaunchFirefoxBrowser -->
