<?xml version="1.0" encoding="UTF-8"?>
<!-- Generated by org.testng.reporters.JUnitReportReporter -->
<testsuite skipped="0" hostname="DESKTOP-REVKL7J" name="udemyPractice.Practice14_AutoSuggestiveDropDown" tests="1" failures="0" timestamp="2019-11-09T13:38:45 IST" time="44.660" errors="0">
  <testcase name="autoSuggestive" time="44.660" classname="udemyPractice.Practice14_AutoSuggestiveDropDown"/>
</testsuite> <!-- udemyPractice.Practice14_AutoSuggestiveDropDown -->
