<?xml version="1.0" encoding="UTF-8"?>
<!-- Generated by org.testng.reporters.JUnitReportReporter -->
<testsuite skipped="0" hostname="DESKTOP-REVKL7J" name="udemyPractice.AssignmentTables" tests="1" failures="0" timestamp="2019-11-05T11:34:41 IST" time="15.035" errors="0">
  <testcase name="tableTest" time="15.035" classname="udemyPractice.AssignmentTables"/>
</testsuite> <!-- udemyPractice.AssignmentTables -->
