<?xml version="1.0" encoding="UTF-8"?>
<!-- Generated by org.testng.reporters.JUnitReportReporter -->
<testsuite skipped="0" hostname="DESKTOP-REVKL7J" name="udemyPractice.Practice10_WindowsHandling" tests="1" failures="0" timestamp="2019-11-01T22:55:04 IST" time="15.908" errors="0">
  <testcase name="handlingWindows" time="15.908" classname="udemyPractice.Practice10_WindowsHandling"/>
</testsuite> <!-- udemyPractice.Practice10_WindowsHandling -->
