<?xml version="1.0" encoding="UTF-8"?>
<!-- Generated by org.testng.reporters.JUnitReportReporter -->
<testsuite skipped="0" hostname="DESKTOP-REVKL7J" name="udemyPractice.Practice19_ReadingProperties" tests="2" failures="0" timestamp="2019-11-23T23:27:17 IST" time="0.012" errors="0">
  <testcase name="getpropertyValueFromMaven" time="0.001" classname="udemyPractice.Practice19_ReadingProperties"/>
  <testcase name="getPropertyValuesFromTestng" time="0.011" classname="udemyPractice.Practice19_ReadingProperties"/>
</testsuite> <!-- udemyPractice.Practice19_ReadingProperties -->
