<?xml version="1.0" encoding="UTF-8"?>
<!-- Generated by org.testng.reporters.JUnitReportReporter -->
<testsuite skipped="0" hostname="DESKTOP-REVKL7J" name="cucumberOptions.TestRunnerWithTestNG" tests="1" failures="0" timestamp="2019-11-16T18:23:28 IST" time="23.377" errors="0">
  <testcase name="feature" time="23.377" classname="cucumberOptions.TestRunnerWithTestNG"/>
</testsuite> <!-- cucumberOptions.TestRunnerWithTestNG -->
