<?xml version="1.0" encoding="UTF-8"?>
<!-- Generated by org.testng.reporters.JUnitReportReporter -->
<testsuite skipped="0" hostname="DESKTOP-REVKL7J" name="udemyPractice.Practice1_LaunchChromeBrowser" tests="1" failures="0" timestamp="2019-11-19T11:10:39 IST" time="19.033" errors="0">
  <testcase name="launchChromeDriver" time="19.033" classname="udemyPractice.Practice1_LaunchChromeBrowser"/>
</testsuite> <!-- udemyPractice.Practice1_LaunchChromeBrowser -->
