<?xml version="1.0" encoding="UTF-8"?>
<!-- Generated by org.testng.reporters.JUnitReportReporter -->
<testsuite skipped="0" hostname="DESKTOP-REVKL7J" name="collections.Practice3_HashMap" tests="1" failures="0" timestamp="2019-11-10T22:51:41 IST" time="0.010" errors="0">
  <testcase name="hashMap" time="0.010" classname="collections.Practice3_HashMap"/>
</testsuite> <!-- collections.Practice3_HashMap -->
