<?xml version="1.0" encoding="UTF-8"?>
<!-- Generated by org.testng.reporters.JUnitReportReporter -->
<testsuite skipped="0" hostname="DESKTOP-REVKL7J" name="udemyPractice.Practice18_LoginToQAAcademy" tests="1" failures="0" timestamp="2019-11-24T18:51:38 IST" time="36.892" errors="0">
  <testcase name="login" time="36.892" classname="udemyPractice.Practice18_LoginToQAAcademy"/>
</testsuite> <!-- udemyPractice.Practice18_LoginToQAAcademy -->
