<?xml version="1.0" encoding="UTF-8"?>
<!-- Generated by org.testng.reporters.JUnitReportReporter -->
<testsuite skipped="0" hostname="DESKTOP-REVKL7J" name="udemyPractice.Practice6_Calender" tests="1" failures="0" timestamp="2019-10-27T20:07:16 IST" time="20.921" errors="0">
  <testcase name="Test01_checkBoxVerify" time="20.921" classname="udemyPractice.Practice6_Calender"/>
</testsuite> <!-- udemyPractice.Practice6_Calender -->
