<?xml version="1.0" encoding="UTF-8"?>
<!-- Generated by org.testng.reporters.JUnitReportReporter -->
<testsuite skipped="0" hostname="DESKTOP-REVKL7J" name="udemyPractice.AssignmentDynamicObjects" tests="1" failures="0" timestamp="2019-11-02T18:00:38 IST" time="16.242" errors="0">
  <testcase name="dynamicObject" time="16.242" classname="udemyPractice.AssignmentDynamicObjects"/>
</testsuite> <!-- udemyPractice.AssignmentDynamicObjects -->
