<?xml version="1.0" encoding="UTF-8"?>
<!-- Generated by org.testng.reporters.JUnitReportReporter -->
<testsuite skipped="0" hostname="DESKTOP-REVKL7J" name="udemyPractice.Practice13_Tables" tests="1" failures="0" timestamp="2019-11-04T23:58:38 IST" time="12.027" errors="0">
  <testcase name="tableTest" time="12.027" classname="udemyPractice.Practice13_Tables"/>
</testsuite> <!-- udemyPractice.Practice13_Tables -->
