<?xml version="1.0" encoding="UTF-8"?>
<!-- Generated by org.testng.reporters.JUnitReportReporter -->
<testsuite skipped="0" hostname="DESKTOP-REVKL7J" name="udemyPractice.Practice4_SpiceJet" tests="1" failures="0" timestamp="2019-10-27T11:51:50 IST" time="16.334" errors="0">
  <testcase name="spiceJetDropDown" time="16.334" classname="udemyPractice.Practice4_SpiceJet"/>
</testsuite> <!-- udemyPractice.Practice4_SpiceJet -->
