<?xml version="1.0" encoding="UTF-8"?>
<!-- Generated by org.testng.reporters.JUnitReportReporter -->
<testsuite skipped="0" hostname="DESKTOP-REVKL7J" name="udemyPractice.Practice10_Frames" tests="1" failures="0" timestamp="2019-12-26T10:44:09 IST" time="15.671" errors="0">
  <testcase name="handlingWindows" time="15.671" classname="udemyPractice.Practice10_Frames"/>
</testsuite> <!-- udemyPractice.Practice10_Frames -->
